<?xml version="1.0" encoding="UTF-8"?>
<!-- Generated by org.testng.reporters.JUnitReportReporter -->
<testsuite skipped="0" hostname="WINDOWS-0EER12A" name="com.cybertek.tests.day12_properties_driver_tests.LoginTest" tests="1" failures="0" timestamp="2022-11-23T11:55:25 EET" time="7.706" errors="0">
  <testcase name="OpenBrowserWithConf" time="7.706" classname="com.cybertek.tests.day12_properties_driver_tests.LoginTest"/>
  <system-out/>
</testsuite> <!-- com.cybertek.tests.day12_properties_driver_tests.LoginTest -->
