<?xml version="1.0" encoding="UTF-8"?>
<!-- Generated by org.testng.reporters.JUnitReportReporter -->
<testsuite skipped="0" hostname="WINDOWS-0EER12A" name="com.cybertek.tests.day10_actions_js.ActionsTest" tests="3" failures="0" timestamp="2022-11-23T11:55:25 EET" time="38.455" errors="0">
  <testcase name="hoverTest" time="8.526" classname="com.cybertek.tests.day10_actions_js.ActionsTest"/>
  <system-out/>
  <testcase name="dragAndDrop" time="15.040" classname="com.cybertek.tests.day10_actions_js.ActionsTest"/>
  <system-out/>
  <testcase name="dragAndDropChaining" time="14.889" classname="com.cybertek.tests.day10_actions_js.ActionsTest"/>
  <system-out/>
</testsuite> <!-- com.cybertek.tests.day10_actions_js.ActionsTest -->
