<?xml version="1.0" encoding="UTF-8"?>
<!-- Generated by org.testng.reporters.JUnitReportReporter -->
<testsuite skipped="0" hostname="WINDOWS-0EER12A" name="com.cybertek.tests.day10_actions_js.HoverTest" tests="2" failures="0" timestamp="2022-11-23T11:55:25 EET" time="19.988" errors="0">
  <testcase name="test2" time="10.728" classname="com.cybertek.tests.day10_actions_js.HoverTest"/>
  <system-out/>
  <testcase name="oneImage" time="9.260" classname="com.cybertek.tests.day10_actions_js.HoverTest"/>
  <system-out/>
</testsuite> <!-- com.cybertek.tests.day10_actions_js.HoverTest -->
