<?xml version="1.0" encoding="UTF-8"?>
<!-- Generated by org.testng.reporters.JUnitReportReporter -->
<testsuite skipped="0" hostname="WINDOWS-0EER12A" name="com.cybertek.tests.day12_properties_driver_tests.AnotherLoginTest" tests="1" failures="0" timestamp="2022-11-23T11:55:25 EET" time="6.595" errors="0">
  <testcase name="test1" time="6.595" classname="com.cybertek.tests.day12_properties_driver_tests.AnotherLoginTest"/>
  <system-out/>
</testsuite> <!-- com.cybertek.tests.day12_properties_driver_tests.AnotherLoginTest -->
