<?xml version="1.0" encoding="UTF-8"?>
<!-- Generated by org.testng.reporters.JUnitReportReporter -->
<testsuite skipped="0" hostname="WINDOWS-0EER12A" name="com.cybertek.reviews.day06.ActionsIframeCSSTest" tests="1" failures="0" timestamp="2022-11-23T11:55:25 EET" time="8.020" errors="0">
  <testcase name="Test" time="8.020" classname="com.cybertek.reviews.day06.ActionsIframeCSSTest"/>
  <system-out/>
</testsuite> <!-- com.cybertek.reviews.day06.ActionsIframeCSSTest -->
