<?xml version="1.0" encoding="UTF-8"?>
<!-- Generated by org.testng.reporters.JUnitReportReporter -->
<testsuite skipped="0" hostname="WINDOWS-0EER12A" name="com.cybertek.tests.day12_properties_driver_tests.SingletonTest" tests="2" failures="0" timestamp="2022-11-23T11:55:25 EET" time="6.136" errors="0">
  <testcase name="test2" time="4.064" classname="com.cybertek.tests.day12_properties_driver_tests.SingletonTest"/>
  <system-out/>
  <testcase name="test3" time="2.072" classname="com.cybertek.tests.day12_properties_driver_tests.SingletonTest"/>
  <system-out/>
</testsuite> <!-- com.cybertek.tests.day12_properties_driver_tests.SingletonTest -->
