<?xml version="1.0" encoding="UTF-8"?>
<!-- Generated by org.testng.reporters.JUnitReportReporter -->
<testsuite skipped="0" hostname="WINDOWS-0EER12A" name="com.cybertek.tests.day9_popups_tabs_frames.iframeTest" tests="2" failures="0" timestamp="2022-11-23T11:55:25 EET" time="19.313" errors="0">
  <testcase name="test1" time="13.186" classname="com.cybertek.tests.day9_popups_tabs_frames.iframeTest"/>
  <system-out/>
  <testcase name="test2" time="6.127" classname="com.cybertek.tests.day9_popups_tabs_frames.iframeTest"/>
  <system-out/>
</testsuite> <!-- com.cybertek.tests.day9_popups_tabs_frames.iframeTest -->
