<?xml version="1.0" encoding="UTF-8"?>
<!-- Generated by org.testng.reporters.JUnitReportReporter -->
<testsuite skipped="0" hostname="WINDOWS-0EER12A" name="com.cybertek.tests.day14_extent_reports.ExtentDemoTest" tests="1" failures="0" timestamp="2022-11-23T11:55:25 EET" time="0.336" errors="0">
  <testcase name="test1" time="0.336" classname="com.cybertek.tests.day14_extent_reports.ExtentDemoTest"/>
  <system-out/>
</testsuite> <!-- com.cybertek.tests.day14_extent_reports.ExtentDemoTest -->
