<?xml version="1.0" encoding="UTF-8"?>
<!-- Generated by org.testng.reporters.JUnitReportReporter -->
<testsuite skipped="0" hostname="WINDOWS-0EER12A" name="com.cybertek.tests.day7_types_of_elements.AttributeTest" tests="1" failures="0" timestamp="2022-11-23T11:55:25 EET" time="5.195" errors="0">
  <testcase name="test1" time="5.195" classname="com.cybertek.tests.day7_types_of_elements.AttributeTest"/>
  <system-out/>
</testsuite> <!-- com.cybertek.tests.day7_types_of_elements.AttributeTest -->
