<?xml version="1.0" encoding="UTF-8"?>
<!-- Generated by org.testng.reporters.JUnitReportReporter -->
<testsuite skipped="0" hostname="WINDOWS-0EER12A" name="com.cybertek.tests.day15_review.verifyContactInfoTest" tests="1" failures="0" timestamp="2022-11-23T11:55:25 EET" time="20.874" errors="0">
  <testcase name="contactDetailsTest" time="20.874" classname="com.cybertek.tests.day15_review.verifyContactInfoTest"/>
  <system-out/>
</testsuite> <!-- com.cybertek.tests.day15_review.verifyContactInfoTest -->
