<?xml version="1.0" encoding="UTF-8"?>
<!-- Generated by org.testng.reporters.JUnitReportReporter -->
<testsuite skipped="0" hostname="WINDOWS-0EER12A" name="com.cybertek.tests.day13_pom.PositiveLoginTest" tests="3" failures="0" timestamp="2022-11-23T11:55:25 EET" time="22.842" errors="0">
  <testcase name="loginAsDriver" time="7.445" classname="com.cybertek.tests.day13_pom.PositiveLoginTest"/>
  <system-out/>
  <testcase name="loginAsStoreManager2" time="7.579" classname="com.cybertek.tests.day13_pom.PositiveLoginTest"/>
  <system-out/>
  <testcase name="loginAsStoreManager" time="7.818" classname="com.cybertek.tests.day13_pom.PositiveLoginTest"/>
  <system-out/>
</testsuite> <!-- com.cybertek.tests.day13_pom.PositiveLoginTest -->
