<?xml version="1.0" encoding="UTF-8"?>
<!-- Generated by org.testng.reporters.JUnitReportReporter -->
<testsuite skipped="0" hostname="WINDOWS-0EER12A" name="com.cybertek.tests.day8_types_of_elements_2.SelectDropdownTest" tests="2" failures="0" timestamp="2022-11-23T11:55:25 EET" time="22.177" errors="0">
  <testcase name="test1" time="7.516" classname="com.cybertek.tests.day8_types_of_elements_2.SelectDropdownTest"/>
  <system-out/>
  <testcase name="test2" time="14.661" classname="com.cybertek.tests.day8_types_of_elements_2.SelectDropdownTest"/>
  <system-out/>
</testsuite> <!-- com.cybertek.tests.day8_types_of_elements_2.SelectDropdownTest -->
